2025-07-04 16:42:37,993 - passlib.handlers.bcrypt - WARNING - (trapped) error reading bcrypt version
Traceback (most recent call last):
  File "c:\Users\burak\Desktop\mekankolik-main\.venv\Lib\site-packages\passlib\handlers\bcrypt.py", line 620, in _load_backend_mixin
    version = _bcrypt.__about__.__version__
              ^^^^^^^^^^^^^^^^^
AttributeError: module 'bcrypt' has no attribute '__about__'
2025-07-04 18:38:31,635 - passlib.handlers.bcrypt - WARNING - (trapped) error reading bcrypt version
Traceback (most recent call last):
  File "c:\Users\burak\Desktop\mekankolik-main\.venv\Lib\site-packages\passlib\handlers\bcrypt.py", line 620, in _load_backend_mixin
    version = _bcrypt.__about__.__version__
              ^^^^^^^^^^^^^^^^^
AttributeError: module 'bcrypt' has no attribute '__about__'
2025-07-04 18:39:53,661 - passlib.handlers.bcrypt - WARNING - (trapped) error reading bcrypt version
Traceback (most recent call last):
  File "c:\Users\burak\Desktop\mekankolik-main\.venv\Lib\site-packages\passlib\handlers\bcrypt.py", line 620, in _load_backend_mixin
    version = _bcrypt.__about__.__version__
              ^^^^^^^^^^^^^^^^^
AttributeError: module 'bcrypt' has no attribute '__about__'
2025-07-05 01:44:49,962 - passlib.handlers.bcrypt - WARNING - (trapped) error reading bcrypt version
Traceback (most recent call last):
  File "c:\Users\burak\Desktop\mekankolik-main\.venv\Lib\site-packages\passlib\handlers\bcrypt.py", line 620, in _load_backend_mixin
    version = _bcrypt.__about__.__version__
              ^^^^^^^^^^^^^^^^^
AttributeError: module 'bcrypt' has no attribute '__about__'
2025-07-05 02:05:11,679 - app.routers.user - INFO - Reservation 1 cancelled by user 1
2025-07-05 03:00:45,794 - passlib.handlers.bcrypt - WARNING - (trapped) error reading bcrypt version
Traceback (most recent call last):
  File "c:\Users\burak\Desktop\mekankolik-main\.venv\Lib\site-packages\passlib\handlers\bcrypt.py", line 620, in _load_backend_mixin
    version = _bcrypt.__about__.__version__
              ^^^^^^^^^^^^^^^^^
AttributeError: module 'bcrypt' has no attribute '__about__'
2025-07-05 03:01:17,916 - app.routers.reservation - ERROR - Error creating reservation: can't compare offset-naive and offset-aware datetimes
2025-07-05 03:02:01,488 - app.routers.reservation - ERROR - Error creating reservation: can't compare offset-naive and offset-aware datetimes
2025-07-05 03:02:07,260 - app.routers.reservation - ERROR - Error creating reservation: can't compare offset-naive and offset-aware datetimes
2025-07-05 03:02:22,357 - app.routers.reservation - ERROR - Error creating reservation: can't compare offset-naive and offset-aware datetimes
2025-07-05 03:02:38,049 - app.routers.reservation - ERROR - Error creating reservation: can't compare offset-naive and offset-aware datetimes
2025-07-05 03:02:43,589 - app.routers.reservation - ERROR - Error creating reservation: can't compare offset-naive and offset-aware datetimes
2025-07-05 03:02:48,367 - app.routers.reservation - ERROR - Error creating reservation: can't compare offset-naive and offset-aware datetimes
2025-07-05 03:02:55,080 - app.routers.reservation - ERROR - Error creating reservation: can't compare offset-naive and offset-aware datetimes
2025-07-05 03:03:06,917 - app.routers.reservation - ERROR - Error creating reservation: can't compare offset-naive and offset-aware datetimes
2025-07-05 03:03:29,165 - app.routers.reservation - ERROR - Error creating reservation: can't compare offset-naive and offset-aware datetimes
2025-07-05 03:13:10,583 - app.routers.comment - ERROR - Error updating business rating: 'Session' object has no attribute 'func'
2025-07-05 03:13:10,590 - app.routers.comment - INFO - Comment deleted - ID: 3 - User: 1 - Business: 1
2025-07-05 03:13:46,334 - app.routers.comment - ERROR - Error updating business rating: 'Session' object has no attribute 'func'
2025-07-05 03:13:46,335 - app.routers.comment - INFO - Comment created - User: 1 - Business: 1 - Rating: 3.0
